\BOOKMARK [1][-]{section.1}{\376\377\145\160\133\146}{}% 1
\BOOKMARK [2][-]{subsection.1.1}{\376\377\131\032\230\171\137\017}{section.1}% 2
\BOOKMARK [3][-]{subsubsection.1.1.1}{\376\377\000F\000F\000T}{subsection.1.1}% 3
\BOOKMARK [3][-]{subsubsection.1.1.2}{\376\377\000N\000T\000T}{subsection.1.1}% 4
\BOOKMARK [3][-]{subsubsection.1.1.3}{\376\377\116\373\141\017\152\041\145\160\123\167\171\357\000\050\000M\000T\000T\000,\000\040\153\333\150\257\150\257\000\051}{subsection.1.1}% 5
\BOOKMARK [3][-]{subsubsection.1.1.4}{\376\377\131\032\230\171\137\017\144\315\117\134}{subsection.1.1}% 6
\BOOKMARK [3][-]{subsubsection.1.1.5}{\376\377\146\364\117\030\171\300\166\204\131\032\230\171\137\017\131\032\160\271\154\102\120\074}{subsection.1.1}% 7
\BOOKMARK [3][-]{subsubsection.1.1.6}{\376\377\131\032\230\171\137\017\137\353\220\037\143\322\120\074}{subsection.1.1}% 8
\BOOKMARK [3][-]{subsubsection.1.1.7}{\376\377\142\311\150\074\147\027\145\345\123\315\157\024\000\050\131\032\230\171\137\017\131\015\124\010\220\006\000\051}{subsection.1.1}% 9
\BOOKMARK [3][-]{subsubsection.1.1.8}{\376\377\122\006\154\273\000F\000F\000T}{subsection.1.1}% 10
\BOOKMARK [3][-]{subsubsection.1.1.9}{\376\377\123\112\127\050\176\277\123\167\171\357}{subsection.1.1}% 11
\BOOKMARK [3][-]{subsubsection.1.1.10}{\376\377\136\070\174\373\145\160\237\120\153\041\176\277\140\047\220\022\143\250\000O\000\050\000k\000l\000o\000g\000k\000l\000o\000g\000n\000\051}{subsection.1.1}% 12
\BOOKMARK [3][-]{subsubsection.1.1.11}{\376\377\136\224\165\050\000:\000\040\000O\000\050\000n\000\040\000l\000o\000g\0002\000\040\000n\000\051\137\353\220\037\154\102\226\066\116\130}{subsection.1.1}% 13
\BOOKMARK [2][-]{subsection.1.2}{\376\377\143\322\120\074}{section.1}% 14
\BOOKMARK [3][-]{subsubsection.1.2.1}{\376\377\162\133\230\177\143\322\120\074}{subsection.1.2}% 15
\BOOKMARK [3][-]{subsubsection.1.2.2}{\376\377\142\311\150\074\147\027\145\345\000\050\000L\000a\000g\000r\000a\000n\000g\000e\000\051\143\322\120\074}{subsection.1.2}% 16
\BOOKMARK [2][-]{subsection.1.3}{\376\377\000F\000W\000T\137\353\220\037\154\203\134\024\116\300\123\330\143\142}{section.1}% 17
\BOOKMARK [3][-]{subsubsection.1.3.1}{\376\377\116\011\210\114\000F\000W\000T}{subsection.1.3}% 18
\BOOKMARK [2][-]{subsection.1.4}{\376\377\176\277\140\047\116\343\145\160}{section.1}% 19
\BOOKMARK [3][-]{subsubsection.1.4.1}{\376\377\167\351\226\065\116\130\154\325}{subsection.1.4}% 20
\BOOKMARK [3][-]{subsubsection.1.4.2}{\376\377\232\330\145\257\155\210\121\103}{subsection.1.4}% 21
\BOOKMARK [3][-]{subsubsection.1.4.3}{\376\377\210\114\122\027\137\017\123\326\152\041}{subsection.1.4}% 22
\BOOKMARK [3][-]{subsubsection.1.4.4}{\376\377\176\277\140\047\127\372\000\050\155\210\142\020\133\371\211\322\000\051}{subsection.1.4}% 23
\BOOKMARK [3][-]{subsubsection.1.4.5}{\376\377\176\277\140\047\116\343\145\160\167\345\213\306}{subsection.1.4}% 24
\BOOKMARK [3][-]{subsubsection.1.4.6}{\376\377\167\351\226\065\150\021\133\232\164\006\000,\000\040\000B\000E\000S\000T\133\232\164\006}{subsection.1.4}% 25
\BOOKMARK [2][-]{subsection.1.5}{\376\377\000B\000e\000r\000l\000e\000k\000a\000m\000p\000-\000M\000a\000s\000s\000e\000y\147\000\134\017\220\022\143\250\137\017}{section.1}% 26
\BOOKMARK [3][-]{subsubsection.1.5.1}{\376\377\117\030\123\026\167\351\226\065\137\353\220\037\136\102\000D\000P}{subsection.1.5}% 27
\BOOKMARK [3][-]{subsubsection.1.5.2}{\376\377\154\102\167\351\226\065\147\000\134\017\131\032\230\171\137\017}{subsection.1.5}% 28
\BOOKMARK [3][-]{subsubsection.1.5.3}{\376\377\154\102\172\000\165\217\167\351\226\065\166\204\210\114\122\027\137\017}{subsection.1.5}% 29
\BOOKMARK [3][-]{subsubsection.1.5.4}{\376\377\154\102\172\000\165\217\167\351\226\065\166\204\171\351}{subsection.1.5}% 30
\BOOKMARK [3][-]{subsubsection.1.5.5}{\376\377\211\343\172\000\165\217\145\271\172\013\176\304}{subsection.1.5}% 31
\BOOKMARK [2][-]{subsection.1.6}{\376\377\123\125\176\257\137\142}{section.1}% 32
\BOOKMARK [3][-]{subsubsection.1.6.1}{\376\377\176\277\140\047\211\304\122\022\133\371\120\166\123\237\164\006}{subsection.1.6}% 33
\BOOKMARK [2][-]{subsection.1.7}{\376\377\123\132\137\010\213\272}{section.1}% 34
\BOOKMARK [3][-]{subsubsection.1.7.1}{\376\377\000S\000G\133\232\164\006}{subsection.1.7}% 35
\BOOKMARK [3][-]{subsubsection.1.7.2}{\376\377\176\263\116\300\127\107\210\141}{subsection.1.7}% 36
\BOOKMARK [3][-]{subsubsection.1.7.3}{\376\377\176\317\121\170\123\132\137\010}{subsection.1.7}% 37
\BOOKMARK [3][-]{subsubsection.1.7.4}{\376\377\117\213\230\230}{subsection.1.7}% 38
\BOOKMARK [2][-]{subsection.1.8}{\376\377\201\352\220\002\136\224\000S\000i\000m\000p\000s\000o\000n\171\357\122\006}{section.1}% 39
\BOOKMARK [2][-]{subsection.1.9}{\376\377\136\070\211\301\145\160\122\027}{section.1}% 40
\BOOKMARK [3][-]{subsubsection.1.9.1}{\376\377\145\220\154\342\220\243\131\121\145\160\000\040\123\142\123\141\145\257\145\160}{subsection.1.9}% 41
\BOOKMARK [3][-]{subsubsection.1.9.2}{\376\377\117\057\122\252\122\051\145\160\000,\000\040\201\352\161\066\145\160\136\102\153\041\124\214}{subsection.1.9}% 42
\BOOKMARK [3][-]{subsubsection.1.9.3}{\376\377\122\006\142\306\145\160}{subsection.1.9}% 43
\BOOKMARK [3][-]{subsubsection.1.9.4}{\376\377\145\257\162\171\147\227\145\160}{subsection.1.9}% 44
\BOOKMARK [3][-]{subsubsection.1.9.5}{\376\377\215\035\134\024\145\160}{subsection.1.9}% 45
\BOOKMARK [3][-]{subsubsection.1.9.6}{\376\377\153\047\142\311\145\160\000\050\000E\000u\000l\000e\000r\000i\000a\000n\000\040\000N\000u\000m\000b\000e\000r\000\051}{subsection.1.9}% 46
\BOOKMARK [3][-]{subsubsection.1.9.7}{\376\377\123\141\162\171\121\160\145\160\000,\000\040\145\275\177\127\137\267\145\160\000,\000\040\236\330\141\110\221\321\145\160}{subsection.1.9}% 47
\BOOKMARK [2][-]{subsection.1.10}{\376\377\136\070\165\050\121\154\137\017\123\312\176\323\213\272}{section.1}% 48
\BOOKMARK [3][-]{subsubsection.1.10.1}{\376\377\145\271\135\356}{subsection.1.10}% 49
\BOOKMARK [3][-]{subsubsection.1.10.2}{\376\377\000m\000i\000n\000-\000m\000a\000x\123\315\157\024}{subsection.1.10}% 50
\BOOKMARK [3][-]{subsubsection.1.10.3}{\376\377\123\125\117\115\150\071\123\315\157\024\000\050\134\125\137\000\145\164\226\144\147\141\116\366\000[\000n\000|\000k\000]\000\051}{subsection.1.10}% 51
\BOOKMARK [3][-]{subsubsection.1.10.4}{\376\377\136\267\142\130\134\125\137\000\000\050\143\222\122\027\166\204\143\222\124\015\000\051}{subsection.1.10}% 52
\BOOKMARK [3][-]{subsubsection.1.10.5}{\376\377\217\336\220\032\126\376\213\241\145\160}{subsection.1.10}% 53
\BOOKMARK [3][-]{subsubsection.1.10.6}{\376\377\176\277\140\047\237\120\153\041\176\277\140\047\136\070\174\373\145\160\220\022\143\250\154\102\220\032\230\171}{subsection.1.10}% 54
\BOOKMARK [2][-]{subsection.1.11}{\376\377\136\070\165\050\165\037\142\020\121\375\145\160\123\330\143\142}{section.1}% 55
\BOOKMARK [1][-]{section.2}{\376\377\145\160\213\272}{}% 56
\BOOKMARK [2][-]{subsection.2.1}{\376\377\000O\000\050\000n\000\051\230\204\131\004\164\006\220\006\121\103}{section.2}% 57
\BOOKMARK [2][-]{subsection.2.2}{\376\377\176\277\140\047\173\133}{section.2}% 58
\BOOKMARK [2][-]{subsection.2.3}{\376\377\147\134\145\131\173\133}{section.2}% 59
\BOOKMARK [2][-]{subsection.2.4}{\376\377\000P\000o\000w\000e\000r\000f\000u\000l\000\040\000N\000u\000m\000b\000e\000r\173\133}{section.2}% 60
\BOOKMARK [2][-]{subsection.2.5}{\376\377\155\062\226\001\173\133}{section.2}% 61
\BOOKMARK [2][-]{subsection.2.6}{\376\377\000M\000i\000l\000l\000e\000r\000-\000R\000a\000b\000i\000n}{section.2}% 62
\BOOKMARK [2][-]{subsection.2.7}{\376\377\000P\000o\000l\000l\000a\000r\000d\000'\000s\000\040\000R\000h\000o}{section.2}% 63
\BOOKMARK [2][-]{subsection.2.8}{\376\377\137\353\220\037\226\066\116\130\173\227\154\325}{section.2}% 64
\BOOKMARK [2][-]{subsection.2.9}{\376\377\142\151\134\125\153\047\121\340\221\314\137\267}{section.2}% 65
\BOOKMARK [3][-]{subsubsection.2.9.1}{\376\377\154\102\220\032\211\343\166\204\145\271\154\325}{subsection.2.9}% 66
\BOOKMARK [3][-]{subsubsection.2.9.2}{\376\377\174\173\153\047\121\340\221\314\137\267\173\227\154\325\000\050\166\364\176\277\116\013\145\164\160\271\116\052\145\160\000\051}{subsection.2.9}% 67
\BOOKMARK [2][-]{subsection.2.10}{\376\377\116\055\126\375\122\151\117\131\133\232\164\006}{section.2}% 68
\BOOKMARK [3][-]{subsubsection.2.10.1}{\376\377\000e\000x\000-\000C\000R\000T}{subsection.2.10}% 69
\BOOKMARK [2][-]{subsection.2.11}{\376\377\123\237\150\071\000\040\226\066}{section.2}% 70
\BOOKMARK [2][-]{subsection.2.12}{\376\377\136\070\165\050\145\160\213\272\121\154\137\017}{section.2}% 71
\BOOKMARK [3][-]{subsubsection.2.12.1}{\376\377\203\253\153\324\116\114\145\257\123\315\157\024}{subsection.2.12}% 72
\BOOKMARK [3][-]{subsubsection.2.12.2}{\376\377\226\115\136\102\121\154\137\017}{subsection.2.12}% 73
\BOOKMARK [3][-]{subsubsection.2.12.3}{\376\377\121\166\116\326\136\070\165\050\121\154\137\017}{subsection.2.12}% 74
\BOOKMARK [1][-]{section.3}{\376\377\126\376\213\272}{}% 75
\BOOKMARK [2][-]{subsection.3.1}{\376\377\147\000\134\017\165\037\142\020\150\021}{section.3}% 76
\BOOKMARK [3][-]{subsubsection.3.1.1}{\376\377\000B\000o\000r\000u\000v\000k\000a\173\227\154\325}{subsection.3.1}% 77
\BOOKMARK [3][-]{subsubsection.3.1.2}{\376\377\122\250\140\001\147\000\134\017\165\037\142\020\150\021}{subsection.3.1}% 78
\BOOKMARK [3][-]{subsubsection.3.1.3}{\376\377\147\000\134\017\150\021\137\142\126\376}{subsection.3.1}% 79
\BOOKMARK [3][-]{subsubsection.3.1.4}{\376\377\000S\000t\000e\000i\000n\000e\000r\000\040\000T\000r\000e\000e\000\040\145\257\127\146\176\263\150\021}{subsection.3.1}% 80
\BOOKMARK [3][-]{subsubsection.3.1.5}{\376\377\147\000\134\017\166\364\137\204\165\037\142\020\150\021}{subsection.3.1}% 81
\BOOKMARK [2][-]{subsection.3.2}{\376\377\147\000\167\355\215\357}{section.3}% 82
\BOOKMARK [3][-]{subsubsection.3.2.1}{\376\377\000D\000i\000j\000k\000s\000t\000r\000a}{subsection.3.2}% 83
\BOOKMARK [3][-]{subsubsection.3.2.2}{\376\377\000J\000o\000h\000n\000s\000o\000n\173\227\154\325\000\050\215\037\147\103\126\376\131\032\156\220\147\000\167\355\215\357\000\051}{subsection.3.2}% 84
\BOOKMARK [3][-]{subsubsection.3.2.3}{\376\377\000k\167\355\215\357}{subsection.3.2}% 85
\BOOKMARK [2][-]{subsection.3.3}{\376\377\000T\000a\000r\000j\000a\000n\173\227\154\325}{section.3}% 86
\BOOKMARK [3][-]{subsubsection.3.3.1}{\376\377\137\072\217\336\220\032\122\006\221\317}{subsection.3.3}% 87
\BOOKMARK [3][-]{subsubsection.3.3.2}{\376\377\122\162\160\271\000\040\160\271\123\314}{subsection.3.3}% 88
\BOOKMARK [3][-]{subsubsection.3.3.3}{\376\377\150\145\000\040\217\271\123\314}{subsection.3.3}% 89
\BOOKMARK [2][-]{subsection.3.4}{\376\377\153\047\142\311\126\336\215\357}{section.3}% 90
\BOOKMARK [2][-]{subsection.3.5}{\376\377\116\331\116\272\143\214}{section.3}% 91
\BOOKMARK [3][-]{subsubsection.3.5.1}{\376\377\116\331\116\272\143\214\000D\000P}{subsection.3.5}% 92
\BOOKMARK [2][-]{subsection.3.6}{\376\377\116\214\122\006\126\376}{section.3}% 93
\BOOKMARK [3][-]{subsubsection.3.6.1}{\376\377\123\010\162\131\122\051}{subsection.3.6}% 94
\BOOKMARK [3][-]{subsubsection.3.6.2}{\376\377\000H\000o\000p\000c\000r\000o\000f\000t\000-\000K\000a\000r\000p\116\214\122\006\126\376\123\071\221\115}{subsection.3.6}% 95
\BOOKMARK [3][-]{subsubsection.3.6.3}{\376\377\000K\000M\116\214\122\006\126\376\147\000\131\047\147\103\123\071\221\115}{subsection.3.6}% 96
\BOOKMARK [3][-]{subsubsection.3.6.4}{\376\377\116\214\122\006\126\376\123\237\164\006}{subsection.3.6}% 97
\BOOKMARK [2][-]{subsection.3.7}{\376\377\116\000\202\054\126\376\123\071\221\115}{section.3}% 98
\BOOKMARK [3][-]{subsubsection.3.7.1}{\376\377\232\330\145\257\155\210\121\103}{subsection.3.7}% 99
\BOOKMARK [3][-]{subsubsection.3.7.2}{\376\377\136\046\202\261\150\021}{subsection.3.7}% 100
\BOOKMARK [3][-]{subsubsection.3.7.3}{\376\377\136\046\147\103\136\046\202\261\150\021}{subsection.3.7}% 101
\BOOKMARK [3][-]{subsubsection.3.7.4}{\376\377\123\237\164\006}{subsection.3.7}% 102
\BOOKMARK [2][-]{subsection.3.8}{\376\377\145\057\221\115\150\021}{section.3}% 103
\BOOKMARK [2][-]{subsection.3.9}{\376\377\0002\000-\000S\000A\000T}{section.3}% 104
\BOOKMARK [2][-]{subsection.3.10}{\376\377\147\000\131\047\155\101}{section.3}% 105
\BOOKMARK [3][-]{subsubsection.3.10.1}{\376\377\000D\000i\000n\000i\000c}{subsection.3.10}% 106
\BOOKMARK [3][-]{subsubsection.3.10.2}{\376\377\000I\000S\000A\000P}{subsection.3.10}% 107
\BOOKMARK [3][-]{subsubsection.3.10.3}{\376\377\000H\000L\000P\000P\000\040\147\000\232\330\150\007\123\367\230\204\155\101\143\250\217\333}{subsection.3.10}% 108
\BOOKMARK [2][-]{subsection.3.11}{\376\377\215\071\165\050\155\101}{section.3}% 109
\BOOKMARK [3][-]{subsubsection.3.11.1}{\376\377\000S\000P\000F\000A\215\071\165\050\155\101}{subsection.3.11}% 110
\BOOKMARK [3][-]{subsubsection.3.11.2}{\376\377\000D\000i\000j\000k\000s\000t\000r\000a\215\071\165\050\155\101}{subsection.3.11}% 111
\BOOKMARK [3][-]{subsubsection.3.11.3}{\376\377\230\204\155\101\143\250\217\333\215\071\165\050\155\101\000\050\123\357\131\004\164\006\215\037\163\257\000\051\000\040\000O\000\050\000n\000m\000\040\000l\000o\000g\000C\000\051}{subsection.3.11}% 112
\BOOKMARK [2][-]{subsection.3.12}{\376\377\177\121\176\334\155\101\123\237\164\006}{section.3}% 113
\BOOKMARK [3][-]{subsubsection.3.12.1}{\376\377\147\000\131\047\155\101}{subsection.3.12}% 114
\BOOKMARK [3][-]{subsubsection.3.12.2}{\376\377\147\000\134\017\122\162}{subsection.3.12}% 115
\BOOKMARK [3][-]{subsubsection.3.12.3}{\376\377\116\012\116\013\165\114\177\121\176\334\155\101}{subsection.3.12}% 116
\BOOKMARK [3][-]{subsubsection.3.12.4}{\376\377\136\070\211\301\136\372\126\376\145\271\154\325}{subsection.3.12}% 117
\BOOKMARK [3][-]{subsubsection.3.12.5}{\376\377\117\213\230\230}{subsection.3.12}% 118
\BOOKMARK [2][-]{subsection.3.13}{\376\377\000P\000r\000u\000f\000e\000r\136\217\122\027}{section.3}% 119
\BOOKMARK [2][-]{subsection.3.14}{\376\377\137\046\126\376\166\370\121\163}{section.3}% 120
\BOOKMARK [2][-]{subsection.3.15}{\376\377\121\166\116\326}{section.3}% 121
\BOOKMARK [3][-]{subsubsection.3.15.1}{\376\377\000S\000t\000o\000e\000r\000-\000W\000a\000g\000n\000e\000r\121\150\134\100\147\000\134\017\122\162}{subsection.3.15}% 122
\BOOKMARK [1][-]{section.4}{\376\377\145\160\143\156\176\323\147\204}{}% 123
\BOOKMARK [2][-]{subsection.4.1}{\376\377\176\277\153\265\150\021}{section.4}% 124
\BOOKMARK [3][-]{subsubsection.4.1.1}{\376\377\227\136\220\022\137\122\176\277\153\265\150\021}{subsection.4.1}% 125
\BOOKMARK [3][-]{subsubsection.4.1.2}{\376\377\176\277\153\265\150\021\176\364\142\244\167\351\137\142\136\166}{subsection.4.1}% 126
\BOOKMARK [3][-]{subsubsection.4.1.3}{\376\377\123\206\123\362\124\214}{subsection.4.1}% 127
\BOOKMARK [2][-]{subsection.4.2}{\376\377\226\110\116\071\164\046\122\006\154\273}{section.4}% 128
\BOOKMARK [3][-]{subsubsection.4.2.1}{\376\377\122\250\140\001\126\376\217\336\220\032\140\047\000\050\122\006\154\273\136\166\147\345\226\306\000\051}{subsection.4.2}% 129
\BOOKMARK [3][-]{subsubsection.4.2.2}{\376\377\126\333\176\364\120\117\136\217}{subsection.4.2}% 130
\BOOKMARK [2][-]{subsection.4.3}{\376\377\145\164\117\123\116\214\122\006}{section.4}% 131
\BOOKMARK [2][-]{subsection.4.4}{\376\377\136\163\210\141\150\021}{section.4}% 132
\BOOKMARK [3][-]{subsubsection.4.4.1}{\376\377\000T\000r\000e\000a\000p}{subsection.4.4}% 133
\BOOKMARK [3][-]{subsubsection.4.4.2}{\376\377\145\340\145\313\000T\000r\000e\000a\000p\000/\123\357\143\001\116\105\123\026\000T\000r\000e\000a\000p}{subsection.4.4}% 134
\BOOKMARK [3][-]{subsubsection.4.4.3}{\376\377\000S\000p\000l\000a\000y}{subsection.4.4}% 135
\BOOKMARK [2][-]{subsection.4.5}{\376\377\150\021\224\376\122\126\122\006}{section.4}% 136
\BOOKMARK [3][-]{subsubsection.4.5.1}{\376\377\122\250\140\001\150\021\137\142\000D\000P\000\050\147\000\131\047\147\103\162\354\172\313\226\306\000\051}{subsection.4.5}% 137
\BOOKMARK [2][-]{subsection.4.6}{\376\377\150\021\122\006\154\273}{section.4}% 138
\BOOKMARK [3][-]{subsubsection.4.6.1}{\376\377\122\250\140\001\150\021\122\006\154\273}{subsection.4.6}% 139
\BOOKMARK [3][-]{subsubsection.4.6.2}{\376\377\175\053\203\106\202\261\116\113\140\113}{subsection.4.6}% 140
\BOOKMARK [2][-]{subsection.4.7}{\376\377\000L\000C\000T\122\250\140\001\150\021}{section.4}% 141
\BOOKMARK [3][-]{subsubsection.4.7.1}{\376\377\116\015\143\142\150\071\000\050\137\071\230\336\176\365\177\212\000\051}{subsection.4.7}% 142
\BOOKMARK [3][-]{subsubsection.4.7.2}{\376\377\143\142\150\071\000/\176\364\142\244\165\037\142\020\150\021}{subsection.4.7}% 143
\BOOKMARK [3][-]{subsubsection.4.7.3}{\376\377\176\364\142\244\133\120\150\021\117\341\140\157}{subsection.4.7}% 144
\BOOKMARK [3][-]{subsubsection.4.7.4}{\376\377\152\041\147\177\230\230\000:\122\250\140\001\000Q\000T\000R\000E\000E\0004}{subsection.4.7}% 145
\BOOKMARK [2][-]{subsection.4.8}{\376\377\000K\000-\000D\150\021}{section.4}% 146
\BOOKMARK [3][-]{subsubsection.4.8.1}{\376\377\122\250\140\001\000K\000-\000D\150\021\000\050\133\232\147\037\221\315\147\204\000\051}{subsection.4.8}% 147
\BOOKMARK [2][-]{subsection.4.9}{\376\377\000L\000C\000A\147\000\217\321\121\154\121\161\171\126\121\110}{section.4}% 148
\BOOKMARK [3][-]{subsubsection.4.9.1}{\376\377\000T\000a\000r\000j\000a\000n\000\040\000L\000C\000A\000\040\000O\000\050\000n\000\040\000+\000\040\000m\000\051}{subsection.4.9}% 149
\BOOKMARK [2][-]{subsection.4.10}{\376\377\206\132\150\021}{section.4}% 150
\BOOKMARK [2][-]{subsection.4.11}{\376\377\225\177\224\376\122\126\122\006}{section.4}% 151
\BOOKMARK [3][-]{subsubsection.4.11.1}{\376\377\150\257\133\120\122\126\122\006}{subsection.4.11}% 152
\BOOKMARK [2][-]{subsection.4.12}{\376\377\130\006}{section.4}% 153
\BOOKMARK [3][-]{subsubsection.4.12.1}{\376\377\135\346\120\117\150\021}{subsection.4.12}% 154
\BOOKMARK [3][-]{subsubsection.4.12.2}{\376\377\116\214\123\311\130\006}{subsection.4.12}% 155
\BOOKMARK [2][-]{subsection.4.13}{\376\377\203\253\226\037}{section.4}% 156
\BOOKMARK [3][-]{subsubsection.4.13.1}{\376\377\203\253\226\037\116\214\153\041\171\273\176\277}{subsection.4.13}% 157
\BOOKMARK [3][-]{subsubsection.4.13.2}{\376\377\136\046\117\356\203\253\226\037\127\050\176\277\123\026\000\040\000O\000\050\000n\000\040\000\040\0005\0003\000\051}{subsection.4.13}% 158
\BOOKMARK [3][-]{subsubsection.4.13.3}{\376\377\203\253\226\037\116\214\153\041\171\273\176\277\000\040\127\050\176\277\123\026\000\040\000O\000\050\000\050\000n\000\040\000+\000\040\000m\000\051\000n\000\051}{subsection.4.13}% 159
\BOOKMARK [2][-]{subsection.4.14}{\376\377\136\070\211\301\150\071\123\367\140\035\215\357}{section.4}% 160
\BOOKMARK [1][-]{section.5}{\376\377\133\127\173\046\116\062}{}% 161
\BOOKMARK [2][-]{subsection.5.1}{\376\377\000K\000M\000P}{section.5}% 162
\BOOKMARK [3][-]{subsubsection.5.1.1}{\376\377\000e\000x\000-\000K\000M\000P}{subsection.5.1}% 163
\BOOKMARK [2][-]{subsection.5.2}{\376\377\000A\000C\201\352\122\250\147\072}{section.5}% 164
\BOOKMARK [2][-]{subsection.5.3}{\376\377\124\016\177\000\145\160\176\304}{section.5}% 165
\BOOKMARK [3][-]{subsubsection.5.3.1}{\376\377\120\015\130\236}{subsection.5.3}% 166
\BOOKMARK [3][-]{subsubsection.5.3.2}{\376\377\000S\000A\000-\000I\000S}{subsection.5.3}% 167
\BOOKMARK [3][-]{subsubsection.5.3.3}{\376\377\000S\000A\000M\000S\000A}{subsection.5.3}% 168
\BOOKMARK [2][-]{subsection.5.4}{\376\377\124\016\177\000\136\163\210\141\150\021}{section.5}% 169
\BOOKMARK [2][-]{subsection.5.5}{\376\377\124\016\177\000\201\352\122\250\147\072}{section.5}% 170
\BOOKMARK [3][-]{subsubsection.5.5.1}{\376\377\136\177\116\111\124\016\177\000\201\352\122\250\147\072}{subsection.5.5}% 171
\BOOKMARK [3][-]{subsubsection.5.5.2}{\376\377\123\072\225\364\147\054\215\050\116\015\124\014\133\120\116\062\213\241\145\160}{subsection.5.5}% 172
\BOOKMARK [2][-]{subsection.5.6}{\376\377\126\336\145\207\150\021}{section.5}% 173
\BOOKMARK [3][-]{subsubsection.5.6.1}{\376\377\136\177\116\111\126\336\145\207\150\021}{subsection.5.6}% 174
\BOOKMARK [2][-]{subsection.5.7}{\376\377\000M\000a\000n\000a\000c\000h\000e\000r\232\154\142\311\217\146}{section.5}% 175
\BOOKMARK [2][-]{subsection.5.8}{\376\377\133\127\173\046\116\062\123\237\164\006}{section.5}% 176
\BOOKMARK [1][-]{section.6}{\376\377\122\250\140\001\211\304\122\022}{}% 177
\BOOKMARK [2][-]{subsection.6.1}{\376\377\121\263\173\126\123\125\214\003\140\047\000O\000\050\000n\000l\000o\000g\000n\000\051}{section.6}% 178
\BOOKMARK [2][-]{subsection.6.2}{\376\377\117\213\230\230}{section.6}% 179
\BOOKMARK [3][-]{subsubsection.6.2.1}{\376\377\0001\0000\0003\0003\0008\0008\000A\000\040\000A\000s\000s\000i\000g\000n\000i\000n\000g\000\040\000P\000r\000i\000z\000e\000s\000\040\133\271\145\245}{subsection.6.2}% 180
\BOOKMARK [1][-]{section.7}{\376\377\213\241\173\227\121\340\117\125}{}% 181
\BOOKMARK [2][-]{subsection.7.1}{\376\377\000D\000e\000l\000a\000u\000n\000a\000y\116\011\211\322\122\126\122\006}{section.7}% 182
\BOOKMARK [2][-]{subsection.7.2}{\376\377\147\000\217\321\160\271\133\371}{section.7}% 183
\BOOKMARK [1][-]{section.8}{\376\377\147\102\230\171}{}% 184
\BOOKMARK [2][-]{subsection.8.1}{\376\377\000O\000\050\0001\000\051\137\353\220\037\116\130}{section.8}% 185
\BOOKMARK [2][-]{subsection.8.2}{\376\377\000K\000a\000h\000a\000n\154\102\124\214\173\227\154\325\000\050\121\317\134\021\155\156\160\271\145\160\175\057\122\240\166\204\213\357\135\356\000\051}{section.8}% 186
\BOOKMARK [2][-]{subsection.8.3}{\376\377\000P\000y\000t\000h\000o\000n\000\040\000D\000e\000c\000i\000m\000a\000l}{section.8}% 187
\BOOKMARK [2][-]{subsection.8.4}{\376\377\000O\000\050\000n\0002\000\051\232\330\174\276\136\246}{section.8}% 188
\BOOKMARK [2][-]{subsection.8.5}{\376\377\173\033\123\141\134\024\150\021}{section.8}% 189
\BOOKMARK [2][-]{subsection.8.6}{\376\377\000G\000a\000r\000s\000i\000a\000W\000a\000c\000h\000s\173\227\154\325\000\050\000O\000\050\000n\000l\000o\000g\000n\000\051\124\010\136\166\167\363\133\120\000\051}{section.8}% 190
\BOOKMARK [2][-]{subsection.8.7}{\376\377\136\070\165\050\000N\000T\000T\175\040\145\160\123\312\123\237\150\071}{section.8}% 191
\BOOKMARK [2][-]{subsection.8.8}{\376\377\000x\000o\000r\000s\000h\000i\000f\000t}{section.8}% 192
\BOOKMARK [2][-]{subsection.8.9}{\376\377\147\232\116\076\133\120\226\306}{section.8}% 193
\BOOKMARK [2][-]{subsection.8.10}{\376\377\000S\000T\000L}{section.8}% 194
\BOOKMARK [3][-]{subsubsection.8.10.1}{\376\377\000v\000e\000c\000t\000o\000r}{subsection.8.10}% 195
\BOOKMARK [3][-]{subsubsection.8.10.2}{\376\377\000l\000i\000s\000t}{subsection.8.10}% 196
\BOOKMARK [3][-]{subsubsection.8.10.3}{\376\377\000u\000n\000o\000r\000d\000e\000r\000e\000d\000\137\000s\000e\000t\000/\000m\000a\000p}{subsection.8.10}% 197
\BOOKMARK [2][-]{subsection.8.11}{\376\377\000P\000u\000b\000l\000i\000c\000\040\000B\000a\000s\000e\000d\000\040\000D\000a\000t\000a\000S\000t\000r\000u\000c\000t\000u\000r\000e\000\050\000P\000B\000\137\000D\000S\000\051}{section.8}% 198
\BOOKMARK [3][-]{subsubsection.8.11.1}{\376\377\124\310\136\014\210\150}{subsection.8.11}% 199
\BOOKMARK [3][-]{subsubsection.8.11.2}{\376\377\130\006}{subsection.8.11}% 200
\BOOKMARK [3][-]{subsubsection.8.11.3}{\376\377\136\163\210\141\150\021}{subsection.8.11}% 201
\BOOKMARK [2][-]{subsection.8.12}{\376\377\000r\000o\000p\000e}{section.8}% 202
\BOOKMARK [2][-]{subsection.8.13}{\376\377\121\166\116\326\000C\000+\000+\166\370\121\163}{section.8}% 203
\BOOKMARK [3][-]{subsubsection.8.13.1}{\376\377\000<\000c\000m\000a\000t\000h\000>}{subsection.8.13}% 204
\BOOKMARK [3][-]{subsubsection.8.13.2}{\376\377\000<\000a\000l\000g\000o\000r\000i\000t\000h\000m\000>}{subsection.8.13}% 205
\BOOKMARK [3][-]{subsubsection.8.13.3}{\376\377\000s\000t\000d\000:\000:\000t\000u\000p\000l\000e}{subsection.8.13}% 206
\BOOKMARK [3][-]{subsubsection.8.13.4}{\376\377\000<\000c\000o\000m\000p\000l\000e\000x\000>}{subsection.8.13}% 207
\BOOKMARK [2][-]{subsection.8.14}{\376\377\116\000\116\233\156\070\142\017}{section.8}% 208
\BOOKMARK [3][-]{subsubsection.8.14.1}{\376\377\137\267\135\336\142\121\121\113}{subsection.8.14}% 209
\BOOKMARK [3][-]{subsubsection.8.14.2}{\376\377\160\211\167\363\117\040\213\364}{subsection.8.14}% 210
\BOOKMARK [2][-]{subsection.8.15}{\376\377\000O\000E\000I\000S}{section.8}% 211
\BOOKMARK [3][-]{subsubsection.8.15.1}{\376\377\213\241\145\160\166\370\121\163}{subsection.8.15}% 212
\BOOKMARK [3][-]{subsubsection.8.15.2}{\376\377\176\277\140\047\220\022\143\250\145\160\122\027}{subsection.8.15}% 213
\BOOKMARK [3][-]{subsubsection.8.15.3}{\376\377\145\160\213\272\166\370\121\163}{subsection.8.15}% 214
\BOOKMARK [3][-]{subsubsection.8.15.4}{\376\377\121\166\116\326}{subsection.8.15}% 215
\BOOKMARK [2][-]{subsection.8.16}{\376\377\177\026\213\321\220\011\230\171}{section.8}% 216
\BOOKMARK [2][-]{subsection.8.17}{\376\377\226\104\137\125\000:\000\040\000V\000S\000c\000o\000d\000e\166\370\121\163}{section.8}% 217
\BOOKMARK [3][-]{subsubsection.8.17.1}{\376\377\143\322\116\366}{subsection.8.17}% 218
\BOOKMARK [3][-]{subsubsection.8.17.2}{\376\377\213\276\177\156\220\011\230\171}{subsection.8.17}% 219
\BOOKMARK [3][-]{subsubsection.8.17.3}{\376\377\137\353\143\167\225\056}{subsection.8.17}% 220
\BOOKMARK [2][-]{subsection.8.18}{\376\377\226\104\137\125\000:\000\040\232\202\116\272\166\204\202\172\147\057\040\024\150\201\133\236\171\313}{section.8}% 221
\BOOKMARK [2][-]{subsection.8.19}{\376\377\226\104\137\125\000:\000\040\000C\000h\000e\000a\000t\000\040\000S\000h\000e\000e\000t}{section.8}% 222
